[debug] [2023-03-05T21:20:48.563Z] ----------------------------------------------------------------------
[debug] [2023-03-05T21:20:48.564Z] Command:       /usr/local/bin/node /usr/local/bin/firebase deploy
[debug] [2023-03-05T21:20:48.564Z] CLI Version:   11.24.0
[debug] [2023-03-05T21:20:48.564Z] Platform:      darwin
[debug] [2023-03-05T21:20:48.564Z] Node Version:  v16.15.1
[debug] [2023-03-05T21:20:48.567Z] Time:          Mon Mar 06 2023 06:20:48 GMT+0900 (日本標準時)
[debug] [2023-03-05T21:20:48.567Z] ----------------------------------------------------------------------
[debug] 
[debug] [2023-03-05T21:20:48.599Z] > command requires scopes: ["email","openid","https://www.googleapis.com/auth/cloudplatformprojects.readonly","https://www.googleapis.com/auth/firebase","https://www.googleapis.com/auth/cloud-platform"]
[debug] [2023-03-05T21:20:48.599Z] > authorizing via signed-in user (teraokakenjiii@gmail.com)
[debug] [2023-03-05T21:20:48.599Z] [iam] checking project questionbox-23293 for permissions ["datastore.indexes.create","datastore.indexes.delete","datastore.indexes.list","datastore.indexes.update","firebase.projects.get","firebasehosting.sites.update"]
[debug] [2023-03-05T21:20:48.600Z] > refreshing access token with scopes: []
[debug] [2023-03-05T21:20:48.601Z] >>> [apiv2][query] POST https://www.googleapis.com/oauth2/v3/token [none]
[debug] [2023-03-05T21:20:48.601Z] >>> [apiv2][body] POST https://www.googleapis.com/oauth2/v3/token [omitted]
[debug] [2023-03-05T21:20:48.754Z] <<< [apiv2][status] POST https://www.googleapis.com/oauth2/v3/token 200
[debug] [2023-03-05T21:20:48.754Z] <<< [apiv2][body] POST https://www.googleapis.com/oauth2/v3/token [omitted]
[debug] [2023-03-05T21:20:48.767Z] >>> [apiv2][query] POST https://cloudresourcemanager.googleapis.com/v1/projects/questionbox-23293:testIamPermissions [none]
[debug] [2023-03-05T21:20:48.767Z] >>> [apiv2][(partial)header] POST https://cloudresourcemanager.googleapis.com/v1/projects/questionbox-23293:testIamPermissions x-goog-quota-user=projects/questionbox-23293
[debug] [2023-03-05T21:20:48.767Z] >>> [apiv2][body] POST https://cloudresourcemanager.googleapis.com/v1/projects/questionbox-23293:testIamPermissions {"permissions":["datastore.indexes.create","datastore.indexes.delete","datastore.indexes.list","datastore.indexes.update","firebase.projects.get","firebasehosting.sites.update"]}
[debug] [2023-03-05T21:20:49.527Z] <<< [apiv2][status] POST https://cloudresourcemanager.googleapis.com/v1/projects/questionbox-23293:testIamPermissions 200
[debug] [2023-03-05T21:20:49.527Z] <<< [apiv2][body] POST https://cloudresourcemanager.googleapis.com/v1/projects/questionbox-23293:testIamPermissions {"permissions":["datastore.indexes.create","datastore.indexes.delete","datastore.indexes.list","datastore.indexes.update","firebase.projects.get","firebasehosting.sites.update"]}
[debug] [2023-03-05T21:20:49.528Z] >>> [apiv2][query] GET https://firebase.googleapis.com/v1beta1/projects/questionbox-23293 [none]
[debug] [2023-03-05T21:20:49.847Z] <<< [apiv2][status] GET https://firebase.googleapis.com/v1beta1/projects/questionbox-23293 200
[debug] [2023-03-05T21:20:49.848Z] <<< [apiv2][body] GET https://firebase.googleapis.com/v1beta1/projects/questionbox-23293 {"projectId":"questionbox-23293","projectNumber":"227837068248","displayName":"questionbox","name":"projects/questionbox-23293","resources":{"hostingSite":"questionbox-23293"},"state":"ACTIVE","etag":"1_da8b042b-9613-45ef-b6fb-b03ce3ae84e5"}
[debug] [2023-03-05T21:20:50.667Z] defaultcredentials: writing to file /Users/teraokakenji/.config/firebase/teraokakenjiii_gmail_com_application_default_credentials.json
[debug] [2023-03-05T21:20:50.669Z] >>> [apiv2][query] GET https://firebasehosting.googleapis.com/v1beta1/projects/questionbox-23293/sites pageToken=&pageSize=10
[debug] [2023-03-05T21:20:51.472Z] <<< [apiv2][status] GET https://firebasehosting.googleapis.com/v1beta1/projects/questionbox-23293/sites 200
[debug] [2023-03-05T21:20:51.472Z] <<< [apiv2][body] GET https://firebasehosting.googleapis.com/v1beta1/projects/questionbox-23293/sites {"sites":[{"name":"projects/questionbox-23293/sites/questionbox-23293","defaultUrl":"https://questionbox-23293.web.app","appId":"1:227837068248:web:cf1b0252370ad14200e8ad","type":"DEFAULT_SITE"}]}
[debug] [2023-03-05T21:20:51.473Z] >>> [apiv2][query] GET https://firebase.googleapis.com/v1beta1/projects/-/webApps/1:227837068248:web:cf1b0252370ad14200e8ad/config [none]
[debug] [2023-03-05T21:20:52.852Z] <<< [apiv2][status] GET https://firebase.googleapis.com/v1beta1/projects/-/webApps/1:227837068248:web:cf1b0252370ad14200e8ad/config 200
[debug] [2023-03-05T21:20:52.852Z] <<< [apiv2][body] GET https://firebase.googleapis.com/v1beta1/projects/-/webApps/1:227837068248:web:cf1b0252370ad14200e8ad/config {"projectId":"questionbox-23293","appId":"1:227837068248:web:cf1b0252370ad14200e8ad","storageBucket":"questionbox-23293.appspot.com","apiKey":"AIzaSyDnF8du8aMY-gEeVYT-7q3M29f7YC1u9vM","authDomain":"questionbox-23293.firebaseapp.com","messagingSenderId":"227837068248","measurementId":"G-WZ5L7G1Z44"}
[info] 
[info] === Deploying to 'questionbox-23293'...
[info] 
[info] i  deploying functions, firestore, hosting 
[debug] [2023-03-05T21:21:04.010Z] >>> [apiv2][query] GET https://firebase.googleapis.com/v1beta1/projects/questionbox-23293 [none]
[debug] [2023-03-05T21:21:04.376Z] <<< [apiv2][status] GET https://firebase.googleapis.com/v1beta1/projects/questionbox-23293 200
[debug] [2023-03-05T21:21:04.377Z] <<< [apiv2][body] GET https://firebase.googleapis.com/v1beta1/projects/questionbox-23293 {"projectId":"questionbox-23293","projectNumber":"227837068248","displayName":"questionbox","name":"projects/questionbox-23293","resources":{"hostingSite":"questionbox-23293"},"state":"ACTIVE","etag":"1_da8b042b-9613-45ef-b6fb-b03ce3ae84e5"}
[info] i  functions: preparing codebase firebase-frameworks-questionbox-23293 for deployment 
[info] i  functions: ensuring required API cloudfunctions.googleapis.com is enabled... 
[info] i  functions: ensuring required API cloudbuild.googleapis.com is enabled... 
[info] i  artifactregistry: ensuring required API artifactregistry.googleapis.com is enabled... 
[debug] [2023-03-05T21:21:04.381Z] >>> [apiv2][query] GET https://serviceusage.googleapis.com/v1/projects/questionbox-23293/services/cloudfunctions.googleapis.com [none]
[debug] [2023-03-05T21:21:04.381Z] >>> [apiv2][(partial)header] GET https://serviceusage.googleapis.com/v1/projects/questionbox-23293/services/cloudfunctions.googleapis.com x-goog-quota-user=projects/questionbox-23293
[debug] [2023-03-05T21:21:04.383Z] >>> [apiv2][query] GET https://serviceusage.googleapis.com/v1/projects/questionbox-23293/services/runtimeconfig.googleapis.com [none]
[debug] [2023-03-05T21:21:04.383Z] >>> [apiv2][(partial)header] GET https://serviceusage.googleapis.com/v1/projects/questionbox-23293/services/runtimeconfig.googleapis.com x-goog-quota-user=projects/questionbox-23293
[debug] [2023-03-05T21:21:04.384Z] >>> [apiv2][query] GET https://serviceusage.googleapis.com/v1/projects/questionbox-23293/services/cloudbuild.googleapis.com [none]
[debug] [2023-03-05T21:21:04.384Z] >>> [apiv2][(partial)header] GET https://serviceusage.googleapis.com/v1/projects/questionbox-23293/services/cloudbuild.googleapis.com x-goog-quota-user=projects/questionbox-23293
[debug] [2023-03-05T21:21:04.385Z] >>> [apiv2][query] GET https://serviceusage.googleapis.com/v1/projects/questionbox-23293/services/artifactregistry.googleapis.com [none]
[debug] [2023-03-05T21:21:04.385Z] >>> [apiv2][(partial)header] GET https://serviceusage.googleapis.com/v1/projects/questionbox-23293/services/artifactregistry.googleapis.com x-goog-quota-user=projects/questionbox-23293
[debug] [2023-03-05T21:21:05.509Z] <<< [apiv2][status] GET https://serviceusage.googleapis.com/v1/projects/questionbox-23293/services/cloudfunctions.googleapis.com 200
[debug] [2023-03-05T21:21:05.509Z] <<< [apiv2][body] GET https://serviceusage.googleapis.com/v1/projects/questionbox-23293/services/cloudfunctions.googleapis.com [omitted]
[info] ✔  functions: required API cloudfunctions.googleapis.com is enabled 
[debug] [2023-03-05T21:21:05.524Z] <<< [apiv2][status] GET https://serviceusage.googleapis.com/v1/projects/questionbox-23293/services/runtimeconfig.googleapis.com 200
[debug] [2023-03-05T21:21:05.524Z] <<< [apiv2][body] GET https://serviceusage.googleapis.com/v1/projects/questionbox-23293/services/runtimeconfig.googleapis.com [omitted]
[debug] [2023-03-05T21:21:05.559Z] <<< [apiv2][status] GET https://serviceusage.googleapis.com/v1/projects/questionbox-23293/services/artifactregistry.googleapis.com 200
[debug] [2023-03-05T21:21:05.559Z] <<< [apiv2][body] GET https://serviceusage.googleapis.com/v1/projects/questionbox-23293/services/artifactregistry.googleapis.com [omitted]
[info] ✔  artifactregistry: required API artifactregistry.googleapis.com is enabled 
[debug] [2023-03-05T21:21:05.560Z] <<< [apiv2][status] GET https://serviceusage.googleapis.com/v1/projects/questionbox-23293/services/cloudbuild.googleapis.com 200
[debug] [2023-03-05T21:21:05.560Z] <<< [apiv2][body] GET https://serviceusage.googleapis.com/v1/projects/questionbox-23293/services/cloudbuild.googleapis.com [omitted]
[info] ✔  functions: required API cloudbuild.googleapis.com is enabled 
[debug] [2023-03-05T21:21:05.561Z] >>> [apiv2][query] GET https://firebase.googleapis.com/v1beta1/projects/questionbox-23293/adminSdkConfig [none]
[debug] [2023-03-05T21:21:05.890Z] <<< [apiv2][status] GET https://firebase.googleapis.com/v1beta1/projects/questionbox-23293/adminSdkConfig 200
[debug] [2023-03-05T21:21:05.890Z] <<< [apiv2][body] GET https://firebase.googleapis.com/v1beta1/projects/questionbox-23293/adminSdkConfig {"projectId":"questionbox-23293","storageBucket":"questionbox-23293.appspot.com"}
[debug] [2023-03-05T21:21:05.891Z] >>> [apiv2][query] GET https://runtimeconfig.googleapis.com/v1beta1/projects/questionbox-23293/configs [none]
[debug] [2023-03-05T21:21:06.253Z] <<< [apiv2][status] GET https://runtimeconfig.googleapis.com/v1beta1/projects/questionbox-23293/configs 200
[debug] [2023-03-05T21:21:06.254Z] <<< [apiv2][body] GET https://runtimeconfig.googleapis.com/v1beta1/projects/questionbox-23293/configs {}
[debug] [2023-03-05T21:21:06.259Z] Validating nodejs source
[warn] ⚠  functions: package.json indicates an outdated version of firebase-functions. Please upgrade using npm install --save firebase-functions@latest in your functions directory. 
[warn] ⚠  functions: Please note that there will be breaking changes when you upgrade. 
[debug] [2023-03-05T21:21:06.541Z] > [functions] package.json contents: {
  "name": "question-box",
  "version": "0.1.0",
  "private": true,
  "scripts": {
    "dev": "next dev",
    "build": "next build",
    "start": "next start",
    "lint": "next lint"
  },
  "dependencies": {
    "date-fns": "^2.29.3",
    "date-fns-tz": "^2.0.0",
    "dotenv": "^16.0.3",
    "eslint": "8.35.0",
    "eslint-config-next": "13.2.3",
    "firebase": "^9.17.1",
    "firebase-admin": "^11.5.0",
    "next": "13.2.3",
    "react": "18.2.0",
    "react-dom": "18.2.0",
    "react-firebase-hooks": "^5.1.1",
    "react-hook-form": "^7.43.3",
    "firebase-frameworks": "^0.6.0",
    "firebase-functions": "^3.23.0"
  },
  "main": "server.js",
  "engines": {
    "node": "16"
  }
}
[debug] [2023-03-05T21:21:06.541Z] Building nodejs source
[debug] [2023-03-05T21:21:06.541Z] Could not find functions.yaml. Must use http discovery
[debug] [2023-03-05T21:21:06.547Z] Found firebase-functions binary at '/Users/teraokakenji/document/2022/HEW/question-box/.firebase/questionbox-23293/functions/node_modules/.bin/firebase-functions'
[debug] [2023-03-05T21:21:06.702Z] Serving at port 8108

[debug] [2023-03-05T21:21:06.840Z] Got response from /__/functions.yaml {"endpoints":{"ssrquestionbox23293":{"platform":"gcfv2","region":["asia-east1"],"labels":{},"httpsTrigger":{},"entryPoint":"ssrquestionbox23293"}},"specVersion":"v1alpha1","requiredAPIs":[]}
[debug] [2023-03-05T21:21:06.845Z] shutdown requested via /__/quitquitquit

[info] i  functions: Loaded environment variables from .env. 
[info] i  functions: preparing .firebase/questionbox-23293/functions directory for uploading... 
[info] i  functions: packaged /Users/teraokakenji/document/2022/HEW/question-box/.firebase/questionbox-23293/functions (45.08 MB) for uploading 
[debug] [2023-03-05T21:21:08.506Z] >>> [apiv2][query] GET https://cloudfunctions.googleapis.com/v1/projects/questionbox-23293/locations/-/functions [none]
[debug] [2023-03-05T21:21:09.503Z] <<< [apiv2][status] GET https://cloudfunctions.googleapis.com/v1/projects/questionbox-23293/locations/-/functions 200
[debug] [2023-03-05T21:21:09.504Z] <<< [apiv2][body] GET https://cloudfunctions.googleapis.com/v1/projects/questionbox-23293/locations/-/functions {}
[debug] [2023-03-05T21:21:09.505Z] >>> [apiv2][query] GET https://cloudfunctions.googleapis.com/v2/projects/questionbox-23293/locations/-/functions filter=environment%3D%22GEN_2%22
[debug] [2023-03-05T21:21:11.044Z] <<< [apiv2][status] GET https://cloudfunctions.googleapis.com/v2/projects/questionbox-23293/locations/-/functions 200
[debug] [2023-03-05T21:21:11.044Z] <<< [apiv2][body] GET https://cloudfunctions.googleapis.com/v2/projects/questionbox-23293/locations/-/functions {"functions":[{"name":"projects/questionbox-23293/locations/asia-east1/functions/ssrquestionbox23293","buildConfig":{"build":"projects/227837068248/locations/asia-east1/builds/da9998a6-9505-4c26-9d2a-4b772f34b360","runtime":"nodejs16","entryPoint":"ssrquestionbox23293","source":{"storageSource":{"bucket":"gcf-v2-sources-227837068248-asia-east1","object":"ssrquestionbox23293/function-source.zip"}},"sourceProvenance":{"resolvedStorageSource":{"bucket":"gcf-v2-sources-227837068248-asia-east1","object":"ssrquestionbox23293/function-source.zip","generation":"1678039718263123"}}},"serviceConfig":{"service":"projects/questionbox-23293/locations/asia-east1/services/ssrquestionbox23293","timeoutSeconds":60,"environmentVariables":{"__FIREBASE_FRAMEWORKS_ENTRY__":"next.js","__FIREBASE_DEFAULTS__":"{\"config\":{\"projectId\":\"questionbox-23293\",\"appId\":\"1:227837068248:web:cf1b0252370ad14200e8ad\",\"storageBucket\":\"questionbox-23293.appspot.com\",\"apiKey\":\"AIzaSyDnF8du8aMY-gEeVYT-7q3M29f7YC1u9vM\",\"authDomain\":\"questionbox-23293.firebaseapp.com\",\"messagingSenderId\":\"227837068248\",\"measurementId\":\"G-WZ5L7G1Z44\"},\"_authTokenSyncURL\":\"/__session\"}","FIREBASE_CONFIG":"{\"projectId\":\"questionbox-23293\",\"storageBucket\":\"questionbox-23293.appspot.com\"}","GCLOUD_PROJECT":"questionbox-23293","EVENTARC_CLOUD_EVENT_SOURCE":"projects/questionbox-23293/locations/asia-east1/services/ssrquestionbox23293"},"maxInstanceCount":100,"ingressSettings":"ALLOW_ALL","uri":"https://ssrquestionbox23293-yzn7izupfa-de.a.run.app","serviceAccountEmail":"227837068248-compute@developer.gserviceaccount.com","availableMemory":"256Mi","allTrafficOnLatestRevision":true,"revision":"ssrquestionbox23293-00003-wad","maxInstanceRequestConcurrency":80,"availableCpu":"1"},"state":"ACTIVE","updateTime":"2023-03-05T18:11:40.805576117Z","labels":{"firebase-functions-hash":"a0e2a9a68924c4242e8f6b78e7761a2ffa57860c","deployment-tool":"cli-firebase","firebase-functions-codebase":"firebase-frameworks-questionbox-23293"},"environment":"GEN_2"}]}
[debug] [2023-03-05T21:21:11.045Z] >>> [apiv2][query] GET https://run.googleapis.com/v1/projects/questionbox-23293/locations/asia-east1/services/ssrquestionbox23293 [none]
[debug] [2023-03-05T21:21:11.243Z] <<< [apiv2][status] GET https://run.googleapis.com/v1/projects/questionbox-23293/locations/asia-east1/services/ssrquestionbox23293 200
[debug] [2023-03-05T21:21:11.243Z] <<< [apiv2][body] GET https://run.googleapis.com/v1/projects/questionbox-23293/locations/asia-east1/services/ssrquestionbox23293 {"apiVersion":"serving.knative.dev/v1","kind":"Service","metadata":{"name":"ssrquestionbox23293","namespace":"227837068248","selfLink":"/apis/serving.knative.dev/v1/namespaces/227837068248/services/ssrquestionbox23293","uid":"b71d1cbd-731a-47d1-a62f-ea99b5668e3c","resourceVersion":"AAX2KxwAKKM","generation":3,"labels":{"goog-managed-by":"cloudfunctions","goog-cloudfunctions-runtime":"nodejs16","cloud.googleapis.com/location":"asia-east1"},"annotations":{"run.googleapis.com/client-name":"cli-firebase","serving.knative.dev/creator":"service-227837068248@gcf-admin-robot.iam.gserviceaccount.com","serving.knative.dev/lastModifier":"service-227837068248@gcf-admin-robot.iam.gserviceaccount.com","client.knative.dev/user-image":"asia-east1-docker.pkg.dev/questionbox-23293/gcf-artifacts/ssrquestionbox23293:version_1","cloudfunctions.googleapis.com/function-id":"ssrquestionbox23293","run.googleapis.com/operation-id":"a104822e-3b8b-4ef2-a1aa-e5172df69ca5","run.googleapis.com/ingress":"all","run.googleapis.com/ingress-status":"all"},"creationTimestamp":"2023-03-05T09:44:29.812426Z"},"spec":{"template":{"metadata":{"name":"ssrquestionbox23293-00003-wad","annotations":{"run.googleapis.com/client-name":"cli-firebase","cloudfunctions.googleapis.com/trigger-type":"HTTP_TRIGGER","client.knative.dev/user-image":"asia-east1-docker.pkg.dev/questionbox-23293/gcf-artifacts/ssrquestionbox23293:version_1","autoscaling.knative.dev/maxScale":"100","run.googleapis.com/cpu-throttling":"true","run.googleapis.com/startup-cpu-boost":"true"}},"spec":{"containerConcurrency":80,"timeoutSeconds":60,"serviceAccountName":"227837068248-compute@developer.gserviceaccount.com","containers":[{"image":"asia-east1-docker.pkg.dev/questionbox-23293/gcf-artifacts/ssrquestionbox23293:version_1","env":[{"name":"__FIREBASE_FRAMEWORKS_ENTRY__","value":"next.js"},{"name":"__FIREBASE_DEFAULTS__","value":"{\"config\":{\"projectId\":\"questionbox-23293\",\"appId\":\"1:227837068248:web:cf1b0252370ad14200e8ad\",\"storageBucket\":\"questionbox-23293.appspot.com\",\"apiKey\":\"AIzaSyDnF8du8aMY-gEeVYT-7q3M29f7YC1u9vM\",\"authDomain\":\"questionbox-23293.firebaseapp.com\",\"messagingSenderId\":\"227837068248\",\"measurementId\":\"G-WZ5L7G1Z44\"},\"_authTokenSyncURL\":\"/__session\"}"},{"name":"FIREBASE_CONFIG","value":"{\"projectId\":\"questionbox-23293\",\"storageBucket\":\"questionbox-23293.appspot.com\"}"},{"name":"GCLOUD_PROJECT","value":"questionbox-23293"},{"name":"EVENTARC_CLOUD_EVENT_SOURCE","value":"projects/questionbox-23293/locations/asia-east1/services/ssrquestionbox23293"}],"resources":{"limits":{"cpu":"1","memory":"256Mi"}},"ports":[{"name":"http1","containerPort":8080}]}]}},"traffic":[{"percent":100,"latestRevision":true}]},"status":{"observedGeneration":3,"conditions":[{"type":"Ready","status":"True","lastTransitionTime":"2023-03-05T18:11:37.223178Z"},{"type":"ConfigurationsReady","status":"True","lastTransitionTime":"2023-03-05T18:11:30.835038Z"},{"type":"RoutesReady","status":"True","lastTransitionTime":"2023-03-05T18:11:37.352355Z"}],"latestReadyRevisionName":"ssrquestionbox23293-00003-wad","latestCreatedRevisionName":"ssrquestionbox23293-00003-wad","traffic":[{"revisionName":"ssrquestionbox23293-00003-wad","percent":100,"latestRevision":true}],"url":"https://ssrquestionbox23293-yzn7izupfa-de.a.run.app","address":{"url":"https://ssrquestionbox23293-yzn7izupfa-de.a.run.app"}}}
[info] i  functions: ensuring required API run.googleapis.com is enabled... 
[info] i  functions: ensuring required API eventarc.googleapis.com is enabled... 
[info] i  functions: ensuring required API pubsub.googleapis.com is enabled... 
[info] i  functions: ensuring required API storage.googleapis.com is enabled... 
[debug] [2023-03-05T21:21:11.257Z] >>> [apiv2][query] GET https://serviceusage.googleapis.com/v1/projects/questionbox-23293/services/run.googleapis.com [none]
[debug] [2023-03-05T21:21:11.257Z] >>> [apiv2][(partial)header] GET https://serviceusage.googleapis.com/v1/projects/questionbox-23293/services/run.googleapis.com x-goog-quota-user=projects/questionbox-23293
[debug] [2023-03-05T21:21:11.258Z] >>> [apiv2][query] GET https://serviceusage.googleapis.com/v1/projects/questionbox-23293/services/eventarc.googleapis.com [none]
[debug] [2023-03-05T21:21:11.258Z] >>> [apiv2][(partial)header] GET https://serviceusage.googleapis.com/v1/projects/questionbox-23293/services/eventarc.googleapis.com x-goog-quota-user=projects/questionbox-23293
[debug] [2023-03-05T21:21:11.260Z] >>> [apiv2][query] GET https://serviceusage.googleapis.com/v1/projects/questionbox-23293/services/pubsub.googleapis.com [none]
[debug] [2023-03-05T21:21:11.260Z] >>> [apiv2][(partial)header] GET https://serviceusage.googleapis.com/v1/projects/questionbox-23293/services/pubsub.googleapis.com x-goog-quota-user=projects/questionbox-23293
[debug] [2023-03-05T21:21:11.261Z] >>> [apiv2][query] GET https://serviceusage.googleapis.com/v1/projects/questionbox-23293/services/storage.googleapis.com [none]
[debug] [2023-03-05T21:21:11.262Z] >>> [apiv2][(partial)header] GET https://serviceusage.googleapis.com/v1/projects/questionbox-23293/services/storage.googleapis.com x-goog-quota-user=projects/questionbox-23293
[debug] [2023-03-05T21:21:12.302Z] <<< [apiv2][status] GET https://serviceusage.googleapis.com/v1/projects/questionbox-23293/services/storage.googleapis.com 200
[debug] [2023-03-05T21:21:12.302Z] <<< [apiv2][body] GET https://serviceusage.googleapis.com/v1/projects/questionbox-23293/services/storage.googleapis.com [omitted]
[info] ✔  functions: required API storage.googleapis.com is enabled 
[debug] [2023-03-05T21:21:12.333Z] <<< [apiv2][status] GET https://serviceusage.googleapis.com/v1/projects/questionbox-23293/services/pubsub.googleapis.com 200
[debug] [2023-03-05T21:21:12.334Z] <<< [apiv2][body] GET https://serviceusage.googleapis.com/v1/projects/questionbox-23293/services/pubsub.googleapis.com [omitted]
[info] ✔  functions: required API pubsub.googleapis.com is enabled 
[debug] [2023-03-05T21:21:12.335Z] <<< [apiv2][status] GET https://serviceusage.googleapis.com/v1/projects/questionbox-23293/services/run.googleapis.com 200
[debug] [2023-03-05T21:21:12.336Z] <<< [apiv2][body] GET https://serviceusage.googleapis.com/v1/projects/questionbox-23293/services/run.googleapis.com [omitted]
[info] ✔  functions: required API run.googleapis.com is enabled 
[debug] [2023-03-05T21:21:12.349Z] <<< [apiv2][status] GET https://serviceusage.googleapis.com/v1/projects/questionbox-23293/services/eventarc.googleapis.com 200
[debug] [2023-03-05T21:21:12.349Z] <<< [apiv2][body] GET https://serviceusage.googleapis.com/v1/projects/questionbox-23293/services/eventarc.googleapis.com [omitted]
[info] ✔  functions: required API eventarc.googleapis.com is enabled 
[info] i  functions: generating the service identity for pubsub.googleapis.com... 
[info] i  functions: generating the service identity for eventarc.googleapis.com... 
[debug] [2023-03-05T21:21:12.350Z] >>> [apiv2][query] POST https://serviceusage.googleapis.com/v1beta1/projects/227837068248/services/pubsub.googleapis.com:generateServiceIdentity [none]
[debug] [2023-03-05T21:21:12.352Z] >>> [apiv2][query] POST https://serviceusage.googleapis.com/v1beta1/projects/227837068248/services/eventarc.googleapis.com:generateServiceIdentity [none]
[debug] [2023-03-05T21:21:13.573Z] <<< [apiv2][status] POST https://serviceusage.googleapis.com/v1beta1/projects/227837068248/services/pubsub.googleapis.com:generateServiceIdentity 200
[debug] [2023-03-05T21:21:13.573Z] <<< [apiv2][body] POST https://serviceusage.googleapis.com/v1beta1/projects/227837068248/services/pubsub.googleapis.com:generateServiceIdentity {"name":"operations/finished.DONE_OPERATION","done":true,"response":{"@type":"type.googleapis.com/google.api.serviceusage.v1beta1.ServiceIdentity","email":"service-227837068248@gcp-sa-pubsub.iam.gserviceaccount.com","uniqueId":"109796115573293167470"}}
[debug] [2023-03-05T21:21:13.684Z] <<< [apiv2][status] POST https://serviceusage.googleapis.com/v1beta1/projects/227837068248/services/eventarc.googleapis.com:generateServiceIdentity 200
[debug] [2023-03-05T21:21:13.685Z] <<< [apiv2][body] POST https://serviceusage.googleapis.com/v1beta1/projects/227837068248/services/eventarc.googleapis.com:generateServiceIdentity {"name":"operations/finished.DONE_OPERATION","done":true,"response":{"@type":"type.googleapis.com/google.api.serviceusage.v1beta1.ServiceIdentity","email":"service-227837068248@gcp-sa-eventarc.iam.gserviceaccount.com","uniqueId":"104910077206182026037"}}
[debug] [2023-03-05T21:21:13.687Z] >>> [apiv2][query] GET https://firebase.googleapis.com/v1beta1/projects/questionbox-23293 [none]
[debug] [2023-03-05T21:21:14.106Z] <<< [apiv2][status] GET https://firebase.googleapis.com/v1beta1/projects/questionbox-23293 200
[debug] [2023-03-05T21:21:14.107Z] <<< [apiv2][body] GET https://firebase.googleapis.com/v1beta1/projects/questionbox-23293 {"projectId":"questionbox-23293","projectNumber":"227837068248","displayName":"questionbox","name":"projects/questionbox-23293","resources":{"hostingSite":"questionbox-23293"},"state":"ACTIVE","etag":"1_da8b042b-9613-45ef-b6fb-b03ce3ae84e5"}
[info] i  firestore: reading indexes from firestore.indexes.json... 
[info] i  cloud.firestore: checking   for compilation errors... 
[debug] [2023-03-05T21:21:14.116Z] >>> [apiv2][query] POST https://firebaserules.googleapis.com/v1/projects/questionbox-23293:test [none]
[debug] [2023-03-05T21:21:14.116Z] >>> [apiv2][body] POST https://firebaserules.googleapis.com/v1/projects/questionbox-23293:test [omitted]
[debug] [2023-03-05T21:21:15.334Z] <<< [apiv2][status] POST https://firebaserules.googleapis.com/v1/projects/questionbox-23293:test 200
[debug] [2023-03-05T21:21:15.335Z] <<< [apiv2][body] POST https://firebaserules.googleapis.com/v1/projects/questionbox-23293:test {}
[info] ✔  cloud.firestore: rules file   compiled successfully 
[debug] [2023-03-05T21:21:15.339Z] >>> [apiv2][query] POST https://firebasehosting.googleapis.com/v1beta1/projects/-/sites/questionbox-23293/versions [none]
[debug] [2023-03-05T21:21:15.339Z] >>> [apiv2][body] POST https://firebasehosting.googleapis.com/v1beta1/projects/-/sites/questionbox-23293/versions {"status":"CREATED","labels":{"deployment-tool":"cli-firebase","firebase-web-framework":"next_ssr"}}
[debug] [2023-03-05T21:21:16.359Z] <<< [apiv2][status] POST https://firebasehosting.googleapis.com/v1beta1/projects/-/sites/questionbox-23293/versions 200
[debug] [2023-03-05T21:21:16.360Z] <<< [apiv2][body] POST https://firebasehosting.googleapis.com/v1beta1/projects/-/sites/questionbox-23293/versions {"name":"projects/227837068248/sites/questionbox-23293/versions/934d3d7d2d5e10ea","status":"CREATED","config":{},"labels":{"deployment-tool":"cli-firebase","firebase-web-framework":"next_ssr"}}
[debug] [2023-03-05T21:21:16.362Z] >>> [apiv2][query] POST https://cloudfunctions.googleapis.com/v2/projects/questionbox-23293/locations/asia-east1/functions:generateUploadUrl [none]
[debug] [2023-03-05T21:21:16.587Z] <<< [apiv2][status] POST https://cloudfunctions.googleapis.com/v2/projects/questionbox-23293/locations/asia-east1/functions:generateUploadUrl 200
[debug] [2023-03-05T21:21:16.587Z] <<< [apiv2][body] POST https://cloudfunctions.googleapis.com/v2/projects/questionbox-23293/locations/asia-east1/functions:generateUploadUrl {"uploadUrl":"https://storage.googleapis.com/gcf-v2-uploads-227837068248-asia-east1/51db6f97-6dc0-4514-8cd0-50a28f0a21d0.zip?GoogleAccessId=service-227837068248@gcf-admin-robot.iam.gserviceaccount.com&Expires=1678053076&Signature=mZJVBvVxL%2FevovS5RvwO%2Boo7HBLDwHBBlgQUqE73U%2BY62L6wGUt70yBr8AKCsF6VS82YTxsZnEySudqhdjhdHT91jv67zjiw2XQC0V5YUSX0q8jRdW21Q9T7d2WWflmcXvrRJtvaR%2FUvVpeaE7ZtA6JdygN1LInn%2F%2FRnjMu7PGhGboP8rJAd2L%2BkEYyXDjViKKgqPvjQ6zPeh0bcPBFlGncNEFetZ71nV9qsel9ljE1vSvvRy3zp3l7NWbEg39li8ysZICwyoqKKokg7FS%2Fpnc5%2BOZ%2FMywDqRy9ONCigqD1l9gXwxWCfJneKCHYlYaIG700eTGwZzHFebOvPvxmYiQ%3D%3D","storageSource":{"bucket":"gcf-v2-uploads-227837068248-asia-east1","object":"51db6f97-6dc0-4514-8cd0-50a28f0a21d0.zip"}}
[debug] [2023-03-05T21:21:16.589Z] >>> [apiv2][query] PUT https://storage.googleapis.com/gcf-v2-uploads-227837068248-asia-east1/51db6f97-6dc0-4514-8cd0-50a28f0a21d0.zip GoogleAccessId=service-227837068248%40gcf-admin-robot.iam.gserviceaccount.com&Expires=1678053076&Signature=mZJVBvVxL%2FevovS5RvwO%2Boo7HBLDwHBBlgQUqE73U%2BY62L6wGUt70yBr8AKCsF6VS82YTxsZnEySudqhdjhdHT91jv67zjiw2XQC0V5YUSX0q8jRdW21Q9T7d2WWflmcXvrRJtvaR%2FUvVpeaE7ZtA6JdygN1LInn%2F%2FRnjMu7PGhGboP8rJAd2L%2BkEYyXDjViKKgqPvjQ6zPeh0bcPBFlGncNEFetZ71nV9qsel9ljE1vSvvRy3zp3l7NWbEg39li8ysZICwyoqKKokg7FS%2Fpnc5%2BOZ%2FMywDqRy9ONCigqD1l9gXwxWCfJneKCHYlYaIG700eTGwZzHFebOvPvxmYiQ%3D%3D
[debug] [2023-03-05T21:21:16.589Z] >>> [apiv2][body] PUT https://storage.googleapis.com/gcf-v2-uploads-227837068248-asia-east1/51db6f97-6dc0-4514-8cd0-50a28f0a21d0.zip [stream]
[debug] [2023-03-05T21:21:18.365Z] <<< [apiv2][status] PUT https://storage.googleapis.com/gcf-v2-uploads-227837068248-asia-east1/51db6f97-6dc0-4514-8cd0-50a28f0a21d0.zip 200
[debug] [2023-03-05T21:21:18.365Z] <<< [apiv2][body] PUT https://storage.googleapis.com/gcf-v2-uploads-227837068248-asia-east1/51db6f97-6dc0-4514-8cd0-50a28f0a21d0.zip [omitted]
[info] ✔  functions: .firebase/questionbox-23293/functions folder uploaded successfully 
[debug] [2023-03-05T21:21:18.367Z] >>> [apiv2][query] GET https://firebaserules.googleapis.com/v1/projects/questionbox-23293/releases pageSize=10&pageToken=
[debug] [2023-03-05T21:21:18.369Z] >>> [apiv2][query] GET https://firestore.googleapis.com/v1/projects/questionbox-23293/databases/(default)/collectionGroups/-/indexes [none]
[debug] [2023-03-05T21:21:18.525Z] <<< [apiv2][status] GET https://firestore.googleapis.com/v1/projects/questionbox-23293/databases/(default)/collectionGroups/-/indexes 200
[debug] [2023-03-05T21:21:18.525Z] <<< [apiv2][body] GET https://firestore.googleapis.com/v1/projects/questionbox-23293/databases/(default)/collectionGroups/-/indexes {}
[debug] [2023-03-05T21:21:18.526Z] >>> [apiv2][query] GET https://firestore.googleapis.com/v1/projects/questionbox-23293/databases/(default)/collectionGroups/-/fields?filter=indexConfig.usesAncestorConfig=false OR ttlConfig:* [none]
[debug] [2023-03-05T21:21:18.631Z] <<< [apiv2][status] GET https://firestore.googleapis.com/v1/projects/questionbox-23293/databases/(default)/collectionGroups/-/fields?filter=indexConfig.usesAncestorConfig=false OR ttlConfig:* 200
[debug] [2023-03-05T21:21:18.631Z] <<< [apiv2][body] GET https://firestore.googleapis.com/v1/projects/questionbox-23293/databases/(default)/collectionGroups/-/fields?filter=indexConfig.usesAncestorConfig=false OR ttlConfig:* {"fields":[{"name":"projects/questionbox-23293/databases/(default)/collectionGroups/__default__/fields/*","indexConfig":{"indexes":[{"queryScope":"COLLECTION","fields":[{"fieldPath":"*","order":"ASCENDING"}],"state":"READY"},{"queryScope":"COLLECTION","fields":[{"fieldPath":"*","order":"DESCENDING"}],"state":"READY"},{"queryScope":"COLLECTION","fields":[{"fieldPath":"*","arrayConfig":"CONTAINS"}],"state":"READY"}]}}]}
[info] ✔  firestore: deployed indexes in firestore.indexes.json successfully 
[debug] [2023-03-05T21:21:18.851Z] <<< [apiv2][status] GET https://firebaserules.googleapis.com/v1/projects/questionbox-23293/releases 200
[debug] [2023-03-05T21:21:18.852Z] <<< [apiv2][body] GET https://firebaserules.googleapis.com/v1/projects/questionbox-23293/releases {"releases":[{"name":"projects/questionbox-23293/releases/cloud.firestore","rulesetName":"projects/questionbox-23293/rulesets/00d51930-6d4e-4387-a768-4e61d8fa8b6c","createTime":"2023-03-01T13:53:18.218897Z","updateTime":"2023-03-05T18:11:48.922419Z"}]}
[debug] [2023-03-05T21:21:18.852Z] >>> [apiv2][query] GET https://firebaserules.googleapis.com/v1/projects/questionbox-23293/rulesets/00d51930-6d4e-4387-a768-4e61d8fa8b6c [none]
[debug] [2023-03-05T21:21:19.972Z] <<< [apiv2][status] GET https://firebaserules.googleapis.com/v1/projects/questionbox-23293/rulesets/00d51930-6d4e-4387-a768-4e61d8fa8b6c 200
[debug] [2023-03-05T21:21:19.973Z] <<< [apiv2][body] GET https://firebaserules.googleapis.com/v1/projects/questionbox-23293/rulesets/00d51930-6d4e-4387-a768-4e61d8fa8b6c [omitted]
[info] i  firestore: latest version of   already up to date, skipping upload... 
[info] i  hosting[questionbox-23293]: beginning deploy... 
[info] i  hosting[questionbox-23293]: found 21 files in .firebase/questionbox-23293/hosting 
[debug] [2023-03-05T21:21:19.981Z] [hosting] uploading with 200 concurrency
[debug] [2023-03-05T21:21:20.009Z] [hosting] hash cache [LmZpcmViYXNlL3F1ZXN0aW9uYm94LTIzMjkzL2hvc3Rpbmc] stored for 21 files
[debug] [2023-03-05T21:21:20.009Z] [hosting][hash queue][FINAL] {"max":23,"min":7,"avg":8.904761904761905,"active":0,"complete":21,"success":21,"errored":0,"retried":0,"total":21,"elapsed":26}
[debug] [2023-03-05T21:21:20.009Z] >>> [apiv2][query] POST https://firebasehosting.googleapis.com/v1beta1/projects/227837068248/sites/questionbox-23293/versions/934d3d7d2d5e10ea:populateFiles [none]
[debug] [2023-03-05T21:21:20.009Z] >>> [apiv2][body] POST https://firebasehosting.googleapis.com/v1beta1/projects/227837068248/sites/questionbox-23293/versions/934d3d7d2d5e10ea:populateFiles {"files":{"/next.svg":"33c5c6ad1d08bb69d8026289530e377b4d6e2a96f24562e209fd1e1e9ccee64a","/thirteen.svg":"15a00ba14c06deda6f14cc1ab3adeb0368e868f9b93a539f247847434ae671a1","/vercel.svg":"4b9c0f01017bb87197f2ae0bd9717239fadf854131b34cce7b0f74ff6d513a4b","/_next/static/chunks/424-5fc585b2dc9f3324.js":"52883639b397827fde3b17b143b18430557de9d84548843456e47960109cbb8e","/500.html":"013c4854c6461defce7239a3b3f96c26906e6b7e25d72eee8b22d0220b8a8410","/index.html":"86b849c6b5c6820e4f77f8e8aea4d0999a989abe6ad97e4549217c465d75e07d","/_next/static/chunks/webpack-ee7e63bc15b31913.js":"40d50e35e5618f86c2f86bd3ba9ff6d0553e00093214cbaf23ccfc3f78f9ae3e","/_next/static/chunks/167-dc4bcc2fb801564d.js":"073a7ed7d17bbac6f2aebe99647f7347e3454d0d0b1a27851b2b8b876e7fa1e0","/404.html":"925638d208df03e6af7c35469d669927c694150fc4285157cbe84859d03c6c54","/_next/static/chunks/pages/_error-e4f561a102d9bb14.js":"225839a4f0d19ab183b582673691d5d2f42964901096a3e2d506a99c5fd4d536","/_next/static/chunks/pages/login-d785f07fe968a9ac.js":"e5440d439649d88688ad4a1a9e0d7a0b71a9a012137d4f9c955c0cc39279de3c","/_next/static/chunks/pages/index-10cd73233eb5d10e.js":"c01960a4e64bd50453f551492841adc2857d01d3fa650a0e39bf96df23eda676","/_next/static/chunks/pages/posts/[id]-610d267bcaad49a0.js":"8311c8e566c72c7abff32f9e9dcf34d308cc1194179defe39d8a7bc5aae39f2b","/_next/static/css/2ed7a520dcd33686.css":"0828fa2c49de0f51f232cc04c23a4221644ac96a7ae4f9847d7b638c59da909b","/_next/static/sA1T_WWbD4bAsmNcZq7Yc/_buildManifest.js":"c88a7da733628b561f86a73b1082b1493cdaf2f577622df42cf7eca800022e60","/_next/static/sA1T_WWbD4bAsmNcZq7Yc/_ssgManifest.js":"5c126729f9831113842c425975615db312fa26d39f3a9e1baa47d4ad65ac2f90","/favicon.ico":"04614fc32690cb60b39e472119b7f7aa91d88eaeb8511a7489f8cbe1552e6e59","/_next/static/chunks/main-0c597b21730512df.js":"e79846142cb879036da9736fe46dd49cf1420dc664b2f7fd78fbd60a77b04abf","/_next/static/chunks/polyfills-c67a75d1b6f99dc8.js":"aba23275a3c1380bfc8d467fd921b0c209e7182dbdaa02611c3a496b0b3b34ec","/_next/static/chunks/framework-2c79e2a64abdb08b.js":"6bf127aee03e7634054b31718bdc831bb57db1fbf5b3f6a29279fca0233b34a7","/_next/static/chunks/pages/_app-245e65cf8e63bd52.js":"bafebd3c67947422879d103620db2b5f05995ae981c89e9cf4ee85c6c4b32509"}}
[debug] [2023-03-05T21:21:20.700Z] <<< [apiv2][status] POST https://firebasehosting.googleapis.com/v1beta1/projects/227837068248/sites/questionbox-23293/versions/934d3d7d2d5e10ea:populateFiles 200
[debug] [2023-03-05T21:21:20.700Z] <<< [apiv2][body] POST https://firebasehosting.googleapis.com/v1beta1/projects/227837068248/sites/questionbox-23293/versions/934d3d7d2d5e10ea:populateFiles {"uploadRequiredHashes":["013c4854c6461defce7239a3b3f96c26906e6b7e25d72eee8b22d0220b8a8410","c88a7da733628b561f86a73b1082b1493cdaf2f577622df42cf7eca800022e60","0828fa2c49de0f51f232cc04c23a4221644ac96a7ae4f9847d7b638c59da909b","8311c8e566c72c7abff32f9e9dcf34d308cc1194179defe39d8a7bc5aae39f2b","925638d208df03e6af7c35469d669927c694150fc4285157cbe84859d03c6c54","86b849c6b5c6820e4f77f8e8aea4d0999a989abe6ad97e4549217c465d75e07d","c01960a4e64bd50453f551492841adc2857d01d3fa650a0e39bf96df23eda676"],"uploadUrl":"https://upload-firebasehosting.googleapis.com/upload/sites/questionbox-23293/versions/934d3d7d2d5e10ea/files"}
[debug] [2023-03-05T21:21:20.702Z] >>> [apiv2][query] POST https://upload-firebasehosting.googleapis.com/upload/sites/questionbox-23293/versions/934d3d7d2d5e10ea/files/013c4854c6461defce7239a3b3f96c26906e6b7e25d72eee8b22d0220b8a8410 [none]
[debug] [2023-03-05T21:21:20.702Z] >>> [apiv2][body] POST https://upload-firebasehosting.googleapis.com/upload/sites/questionbox-23293/versions/934d3d7d2d5e10ea/files/013c4854c6461defce7239a3b3f96c26906e6b7e25d72eee8b22d0220b8a8410 [stream]
[debug] [2023-03-05T21:21:20.703Z] >>> [apiv2][query] POST https://upload-firebasehosting.googleapis.com/upload/sites/questionbox-23293/versions/934d3d7d2d5e10ea/files/c88a7da733628b561f86a73b1082b1493cdaf2f577622df42cf7eca800022e60 [none]
[debug] [2023-03-05T21:21:20.703Z] >>> [apiv2][body] POST https://upload-firebasehosting.googleapis.com/upload/sites/questionbox-23293/versions/934d3d7d2d5e10ea/files/c88a7da733628b561f86a73b1082b1493cdaf2f577622df42cf7eca800022e60 [stream]
[debug] [2023-03-05T21:21:20.703Z] >>> [apiv2][query] POST https://upload-firebasehosting.googleapis.com/upload/sites/questionbox-23293/versions/934d3d7d2d5e10ea/files/0828fa2c49de0f51f232cc04c23a4221644ac96a7ae4f9847d7b638c59da909b [none]
[debug] [2023-03-05T21:21:20.703Z] >>> [apiv2][body] POST https://upload-firebasehosting.googleapis.com/upload/sites/questionbox-23293/versions/934d3d7d2d5e10ea/files/0828fa2c49de0f51f232cc04c23a4221644ac96a7ae4f9847d7b638c59da909b [stream]
[debug] [2023-03-05T21:21:20.704Z] >>> [apiv2][query] POST https://upload-firebasehosting.googleapis.com/upload/sites/questionbox-23293/versions/934d3d7d2d5e10ea/files/8311c8e566c72c7abff32f9e9dcf34d308cc1194179defe39d8a7bc5aae39f2b [none]
[debug] [2023-03-05T21:21:20.704Z] >>> [apiv2][body] POST https://upload-firebasehosting.googleapis.com/upload/sites/questionbox-23293/versions/934d3d7d2d5e10ea/files/8311c8e566c72c7abff32f9e9dcf34d308cc1194179defe39d8a7bc5aae39f2b [stream]
[debug] [2023-03-05T21:21:20.704Z] >>> [apiv2][query] POST https://upload-firebasehosting.googleapis.com/upload/sites/questionbox-23293/versions/934d3d7d2d5e10ea/files/925638d208df03e6af7c35469d669927c694150fc4285157cbe84859d03c6c54 [none]
[debug] [2023-03-05T21:21:20.704Z] >>> [apiv2][body] POST https://upload-firebasehosting.googleapis.com/upload/sites/questionbox-23293/versions/934d3d7d2d5e10ea/files/925638d208df03e6af7c35469d669927c694150fc4285157cbe84859d03c6c54 [stream]
[debug] [2023-03-05T21:21:20.705Z] >>> [apiv2][query] POST https://upload-firebasehosting.googleapis.com/upload/sites/questionbox-23293/versions/934d3d7d2d5e10ea/files/86b849c6b5c6820e4f77f8e8aea4d0999a989abe6ad97e4549217c465d75e07d [none]
[debug] [2023-03-05T21:21:20.705Z] >>> [apiv2][body] POST https://upload-firebasehosting.googleapis.com/upload/sites/questionbox-23293/versions/934d3d7d2d5e10ea/files/86b849c6b5c6820e4f77f8e8aea4d0999a989abe6ad97e4549217c465d75e07d [stream]
[debug] [2023-03-05T21:21:20.705Z] >>> [apiv2][query] POST https://upload-firebasehosting.googleapis.com/upload/sites/questionbox-23293/versions/934d3d7d2d5e10ea/files/c01960a4e64bd50453f551492841adc2857d01d3fa650a0e39bf96df23eda676 [none]
[debug] [2023-03-05T21:21:20.705Z] >>> [apiv2][body] POST https://upload-firebasehosting.googleapis.com/upload/sites/questionbox-23293/versions/934d3d7d2d5e10ea/files/c01960a4e64bd50453f551492841adc2857d01d3fa650a0e39bf96df23eda676 [stream]
[debug] [2023-03-05T21:21:20.705Z] [hosting][populate queue][FINAL] {"max":694,"min":694,"avg":694,"active":0,"complete":1,"success":1,"errored":0,"retried":0,"total":1,"elapsed":697}
[debug] [2023-03-05T21:21:20.706Z] [hosting] uploads queued: 7
[debug] [2023-03-05T21:21:22.094Z] <<< [apiv2][status] POST https://upload-firebasehosting.googleapis.com/upload/sites/questionbox-23293/versions/934d3d7d2d5e10ea/files/86b849c6b5c6820e4f77f8e8aea4d0999a989abe6ad97e4549217c465d75e07d 200
[debug] [2023-03-05T21:21:22.094Z] <<< [apiv2][body] POST https://upload-firebasehosting.googleapis.com/upload/sites/questionbox-23293/versions/934d3d7d2d5e10ea/files/86b849c6b5c6820e4f77f8e8aea4d0999a989abe6ad97e4549217c465d75e07d [stream]
[debug] [2023-03-05T21:21:22.107Z] <<< [apiv2][status] POST https://upload-firebasehosting.googleapis.com/upload/sites/questionbox-23293/versions/934d3d7d2d5e10ea/files/013c4854c6461defce7239a3b3f96c26906e6b7e25d72eee8b22d0220b8a8410 200
[debug] [2023-03-05T21:21:22.107Z] <<< [apiv2][body] POST https://upload-firebasehosting.googleapis.com/upload/sites/questionbox-23293/versions/934d3d7d2d5e10ea/files/013c4854c6461defce7239a3b3f96c26906e6b7e25d72eee8b22d0220b8a8410 [stream]
[debug] [2023-03-05T21:21:22.143Z] <<< [apiv2][status] POST https://upload-firebasehosting.googleapis.com/upload/sites/questionbox-23293/versions/934d3d7d2d5e10ea/files/8311c8e566c72c7abff32f9e9dcf34d308cc1194179defe39d8a7bc5aae39f2b 200
[debug] [2023-03-05T21:21:22.143Z] <<< [apiv2][body] POST https://upload-firebasehosting.googleapis.com/upload/sites/questionbox-23293/versions/934d3d7d2d5e10ea/files/8311c8e566c72c7abff32f9e9dcf34d308cc1194179defe39d8a7bc5aae39f2b [stream]
[debug] [2023-03-05T21:21:22.546Z] <<< [apiv2][status] POST https://upload-firebasehosting.googleapis.com/upload/sites/questionbox-23293/versions/934d3d7d2d5e10ea/files/c88a7da733628b561f86a73b1082b1493cdaf2f577622df42cf7eca800022e60 200
[debug] [2023-03-05T21:21:22.546Z] <<< [apiv2][body] POST https://upload-firebasehosting.googleapis.com/upload/sites/questionbox-23293/versions/934d3d7d2d5e10ea/files/c88a7da733628b561f86a73b1082b1493cdaf2f577622df42cf7eca800022e60 [stream]
[debug] [2023-03-05T21:21:22.556Z] <<< [apiv2][status] POST https://upload-firebasehosting.googleapis.com/upload/sites/questionbox-23293/versions/934d3d7d2d5e10ea/files/925638d208df03e6af7c35469d669927c694150fc4285157cbe84859d03c6c54 200
[debug] [2023-03-05T21:21:22.556Z] <<< [apiv2][body] POST https://upload-firebasehosting.googleapis.com/upload/sites/questionbox-23293/versions/934d3d7d2d5e10ea/files/925638d208df03e6af7c35469d669927c694150fc4285157cbe84859d03c6c54 [stream]
[debug] [2023-03-05T21:21:22.572Z] <<< [apiv2][status] POST https://upload-firebasehosting.googleapis.com/upload/sites/questionbox-23293/versions/934d3d7d2d5e10ea/files/c01960a4e64bd50453f551492841adc2857d01d3fa650a0e39bf96df23eda676 200
[debug] [2023-03-05T21:21:22.572Z] <<< [apiv2][body] POST https://upload-firebasehosting.googleapis.com/upload/sites/questionbox-23293/versions/934d3d7d2d5e10ea/files/c01960a4e64bd50453f551492841adc2857d01d3fa650a0e39bf96df23eda676 [stream]
[debug] [2023-03-05T21:21:23.216Z] <<< [apiv2][status] POST https://upload-firebasehosting.googleapis.com/upload/sites/questionbox-23293/versions/934d3d7d2d5e10ea/files/0828fa2c49de0f51f232cc04c23a4221644ac96a7ae4f9847d7b638c59da909b 200
[debug] [2023-03-05T21:21:23.216Z] <<< [apiv2][body] POST https://upload-firebasehosting.googleapis.com/upload/sites/questionbox-23293/versions/934d3d7d2d5e10ea/files/0828fa2c49de0f51f232cc04c23a4221644ac96a7ae4f9847d7b638c59da909b [stream]
[debug] [2023-03-05T21:21:23.217Z] [hosting][upload queue][FINAL] {"max":2515,"min":1392,"avg":1760.5714285714287,"active":0,"complete":7,"success":7,"errored":0,"retried":0,"total":7,"elapsed":2516}
[info] ✔  hosting[questionbox-23293]: file upload complete 
[debug] [2023-03-05T21:21:23.217Z] [hosting] deploy completed after 3242ms
[info] i  functions: updating Node.js 16 function firebase-frameworks-questionbox-23293:ssrquestionbox23293(asia-east1)... 
[debug] [2023-03-05T21:21:23.222Z] >>> [apiv2][query] PATCH https://cloudfunctions.googleapis.com/v2/projects/questionbox-23293/locations/asia-east1/functions/ssrquestionbox23293 updateMask=name%2CbuildConfig.runtime%2CbuildConfig.entryPoint%2CbuildConfig.source.storageSource.bucket%2CbuildConfig.source.storageSource.object%2CbuildConfig.environmentVariables%2CserviceConfig.environmentVariables%2CserviceConfig.availableMemory%2Clabels
[debug] [2023-03-05T21:21:23.222Z] >>> [apiv2][body] PATCH https://cloudfunctions.googleapis.com/v2/projects/questionbox-23293/locations/asia-east1/functions/ssrquestionbox23293 {"name":"projects/questionbox-23293/locations/asia-east1/functions/ssrquestionbox23293","buildConfig":{"runtime":"nodejs16","entryPoint":"ssrquestionbox23293","source":{"storageSource":{"bucket":"gcf-v2-uploads-227837068248-asia-east1","object":"51db6f97-6dc0-4514-8cd0-50a28f0a21d0.zip"}},"environmentVariables":{}},"serviceConfig":{"environmentVariables":{"__FIREBASE_FRAMEWORKS_ENTRY__":"next.js","__FIREBASE_DEFAULTS__":"{\"config\":{\"projectId\":\"questionbox-23293\",\"appId\":\"1:227837068248:web:cf1b0252370ad14200e8ad\",\"storageBucket\":\"questionbox-23293.appspot.com\",\"apiKey\":\"AIzaSyDnF8du8aMY-gEeVYT-7q3M29f7YC1u9vM\",\"authDomain\":\"questionbox-23293.firebaseapp.com\",\"messagingSenderId\":\"227837068248\",\"measurementId\":\"G-WZ5L7G1Z44\"},\"_authTokenSyncURL\":\"/__session\"}","FIREBASE_CONFIG":"{\"projectId\":\"questionbox-23293\",\"storageBucket\":\"questionbox-23293.appspot.com\"}","GCLOUD_PROJECT":"questionbox-23293","EVENTARC_CLOUD_EVENT_SOURCE":"projects/questionbox-23293/locations/asia-east1/services/ssrquestionbox23293"},"availableMemory":"256Mi"},"labels":{"deployment-tool":"cli-firebase","firebase-functions-codebase":"firebase-frameworks-questionbox-23293","firebase-functions-hash":"546a7c04d4164af4c24a505cfbe8951111a28d87"}}
[debug] [2023-03-05T21:21:24.323Z] <<< [apiv2][status] PATCH https://cloudfunctions.googleapis.com/v2/projects/questionbox-23293/locations/asia-east1/functions/ssrquestionbox23293 200
[debug] [2023-03-05T21:21:24.324Z] <<< [apiv2][body] PATCH https://cloudfunctions.googleapis.com/v2/projects/questionbox-23293/locations/asia-east1/functions/ssrquestionbox23293 {"name":"projects/questionbox-23293/locations/asia-east1/operations/operation-1678051283365-5f62dc2a8edbb-2a6e524b-221e2d9b","metadata":{"@type":"type.googleapis.com/google.cloud.functions.v2.OperationMetadata","createTime":"2023-03-05T21:21:24.289577743Z","target":"projects/questionbox-23293/locations/asia-east1/functions/ssrquestionbox23293","verb":"update","cancelRequested":false,"apiVersion":"v2"},"done":false}
[debug] [2023-03-05T21:21:24.325Z] >>> [apiv2][query] GET https://cloudfunctions.googleapis.com/v2/projects/questionbox-23293/locations/asia-east1/operations/operation-1678051283365-5f62dc2a8edbb-2a6e524b-221e2d9b [none]
[debug] [2023-03-05T21:21:24.484Z] <<< [apiv2][status] GET https://cloudfunctions.googleapis.com/v2/projects/questionbox-23293/locations/asia-east1/operations/operation-1678051283365-5f62dc2a8edbb-2a6e524b-221e2d9b 200
[debug] [2023-03-05T21:21:24.484Z] <<< [apiv2][body] GET https://cloudfunctions.googleapis.com/v2/projects/questionbox-23293/locations/asia-east1/operations/operation-1678051283365-5f62dc2a8edbb-2a6e524b-221e2d9b {"name":"projects/questionbox-23293/locations/asia-east1/operations/operation-1678051283365-5f62dc2a8edbb-2a6e524b-221e2d9b","metadata":{"@type":"type.googleapis.com/google.cloud.functions.v2.OperationMetadata","createTime":"2023-03-05T21:21:24.289577743Z","target":"projects/questionbox-23293/locations/asia-east1/functions/ssrquestionbox23293","verb":"update","cancelRequested":false,"apiVersion":"v2"},"done":false}
[debug] [2023-03-05T21:21:24.986Z] [update-firebase-frameworks-questionbox-23293-asia-east1-ssrquestionbox23293] Retrying task index 0
[debug] [2023-03-05T21:21:24.987Z] >>> [apiv2][query] GET https://cloudfunctions.googleapis.com/v2/projects/questionbox-23293/locations/asia-east1/operations/operation-1678051283365-5f62dc2a8edbb-2a6e524b-221e2d9b [none]
[debug] [2023-03-05T21:21:25.119Z] <<< [apiv2][status] GET https://cloudfunctions.googleapis.com/v2/projects/questionbox-23293/locations/asia-east1/operations/operation-1678051283365-5f62dc2a8edbb-2a6e524b-221e2d9b 200
[debug] [2023-03-05T21:21:25.119Z] <<< [apiv2][body] GET https://cloudfunctions.googleapis.com/v2/projects/questionbox-23293/locations/asia-east1/operations/operation-1678051283365-5f62dc2a8edbb-2a6e524b-221e2d9b {"name":"projects/questionbox-23293/locations/asia-east1/operations/operation-1678051283365-5f62dc2a8edbb-2a6e524b-221e2d9b","metadata":{"@type":"type.googleapis.com/google.cloud.functions.v2.OperationMetadata","createTime":"2023-03-05T21:21:24.289577743Z","target":"projects/questionbox-23293/locations/asia-east1/functions/ssrquestionbox23293","verb":"update","cancelRequested":false,"apiVersion":"v2","requestResource":{"@type":"type.googleapis.com/google.cloud.functions.v2.Function","name":"projects/questionbox-23293/locations/asia-east1/functions/ssrquestionbox23293","buildConfig":{"runtime":"nodejs16","entryPoint":"ssrquestionbox23293","source":{"storageSource":{"bucket":"gcf-v2-sources-227837068248-asia-east1","object":"ssrquestionbox23293/function-source.zip"}},"sourceProvenance":{"resolvedStorageSource":{"bucket":"gcf-v2-sources-227837068248-asia-east1","object":"ssrquestionbox23293/function-source.zip","generation":"1678039718263123"}}},"serviceConfig":{"service":"projects/questionbox-23293/locations/asia-east1/services/ssrquestionbox23293","timeoutSeconds":60,"environmentVariables":{"__FIREBASE_FRAMEWORKS_ENTRY__":"next.js","__FIREBASE_DEFAULTS__":"{\"config\":{\"projectId\":\"questionbox-23293\",\"appId\":\"1:227837068248:web:cf1b0252370ad14200e8ad\",\"storageBucket\":\"questionbox-23293.appspot.com\",\"apiKey\":\"AIzaSyDnF8du8aMY-gEeVYT-7q3M29f7YC1u9vM\",\"authDomain\":\"questionbox-23293.firebaseapp.com\",\"messagingSenderId\":\"227837068248\",\"measurementId\":\"G-WZ5L7G1Z44\"},\"_authTokenSyncURL\":\"/__session\"}","FIREBASE_CONFIG":"{\"projectId\":\"questionbox-23293\",\"storageBucket\":\"questionbox-23293.appspot.com\"}","GCLOUD_PROJECT":"questionbox-23293","EVENTARC_CLOUD_EVENT_SOURCE":"projects/questionbox-23293/locations/asia-east1/services/ssrquestionbox23293"},"maxInstanceCount":100,"ingressSettings":"ALLOW_ALL","uri":"https://ssrquestionbox23293-yzn7izupfa-de.a.run.app","serviceAccountEmail":"227837068248-compute@developer.gserviceaccount.com","availableMemory":"256Mi","allTrafficOnLatestRevision":true,"revision":"ssrquestionbox23293-00003-wad","maxInstanceRequestConcurrency":80},"state":"ACTIVE","labels":{"firebase-functions-codebase":"firebase-frameworks-questionbox-23293","firebase-functions-hash":"546a7c04d4164af4c24a505cfbe8951111a28d87"},"environment":"GEN_2"},"stages":[{"name":"BUILD","state":"NOT_STARTED"},{"name":"SERVICE","state":"NOT_STARTED"}]},"done":false}
[debug] [2023-03-05T21:21:26.120Z] [update-firebase-frameworks-questionbox-23293-asia-east1-ssrquestionbox23293] Retrying task index 0
[debug] [2023-03-05T21:21:26.121Z] >>> [apiv2][query] GET https://cloudfunctions.googleapis.com/v2/projects/questionbox-23293/locations/asia-east1/operations/operation-1678051283365-5f62dc2a8edbb-2a6e524b-221e2d9b [none]
[debug] [2023-03-05T21:21:26.272Z] <<< [apiv2][status] GET https://cloudfunctions.googleapis.com/v2/projects/questionbox-23293/locations/asia-east1/operations/operation-1678051283365-5f62dc2a8edbb-2a6e524b-221e2d9b 200
[debug] [2023-03-05T21:21:26.275Z] <<< [apiv2][body] GET https://cloudfunctions.googleapis.com/v2/projects/questionbox-23293/locations/asia-east1/operations/operation-1678051283365-5f62dc2a8edbb-2a6e524b-221e2d9b {"name":"projects/questionbox-23293/locations/asia-east1/operations/operation-1678051283365-5f62dc2a8edbb-2a6e524b-221e2d9b","metadata":{"@type":"type.googleapis.com/google.cloud.functions.v2.OperationMetadata","createTime":"2023-03-05T21:21:24.289577743Z","target":"projects/questionbox-23293/locations/asia-east1/functions/ssrquestionbox23293","verb":"update","cancelRequested":false,"apiVersion":"v2","requestResource":{"@type":"type.googleapis.com/google.cloud.functions.v2.Function","name":"projects/questionbox-23293/locations/asia-east1/functions/ssrquestionbox23293","buildConfig":{"runtime":"nodejs16","entryPoint":"ssrquestionbox23293","source":{"storageSource":{"bucket":"gcf-v2-sources-227837068248-asia-east1","object":"ssrquestionbox23293/function-source.zip"}},"sourceProvenance":{"resolvedStorageSource":{"bucket":"gcf-v2-sources-227837068248-asia-east1","object":"ssrquestionbox23293/function-source.zip","generation":"1678039718263123"}}},"serviceConfig":{"service":"projects/questionbox-23293/locations/asia-east1/services/ssrquestionbox23293","timeoutSeconds":60,"environmentVariables":{"__FIREBASE_FRAMEWORKS_ENTRY__":"next.js","__FIREBASE_DEFAULTS__":"{\"config\":{\"projectId\":\"questionbox-23293\",\"appId\":\"1:227837068248:web:cf1b0252370ad14200e8ad\",\"storageBucket\":\"questionbox-23293.appspot.com\",\"apiKey\":\"AIzaSyDnF8du8aMY-gEeVYT-7q3M29f7YC1u9vM\",\"authDomain\":\"questionbox-23293.firebaseapp.com\",\"messagingSenderId\":\"227837068248\",\"measurementId\":\"G-WZ5L7G1Z44\"},\"_authTokenSyncURL\":\"/__session\"}","FIREBASE_CONFIG":"{\"projectId\":\"questionbox-23293\",\"storageBucket\":\"questionbox-23293.appspot.com\"}","GCLOUD_PROJECT":"questionbox-23293","EVENTARC_CLOUD_EVENT_SOURCE":"projects/questionbox-23293/locations/asia-east1/services/ssrquestionbox23293"},"maxInstanceCount":100,"ingressSettings":"ALLOW_ALL","uri":"https://ssrquestionbox23293-yzn7izupfa-de.a.run.app","serviceAccountEmail":"227837068248-compute@developer.gserviceaccount.com","availableMemory":"256Mi","allTrafficOnLatestRevision":true,"revision":"ssrquestionbox23293-00003-wad","maxInstanceRequestConcurrency":80},"state":"ACTIVE","labels":{"firebase-functions-codebase":"firebase-frameworks-questionbox-23293","firebase-functions-hash":"546a7c04d4164af4c24a505cfbe8951111a28d87"},"environment":"GEN_2"},"stages":[{"name":"BUILD","state":"NOT_STARTED"},{"name":"SERVICE","state":"NOT_STARTED"}]},"done":false}
[debug] [2023-03-05T21:21:28.277Z] [update-firebase-frameworks-questionbox-23293-asia-east1-ssrquestionbox23293] Retrying task index 0
[debug] [2023-03-05T21:21:28.278Z] >>> [apiv2][query] GET https://cloudfunctions.googleapis.com/v2/projects/questionbox-23293/locations/asia-east1/operations/operation-1678051283365-5f62dc2a8edbb-2a6e524b-221e2d9b [none]
[debug] [2023-03-05T21:21:28.437Z] <<< [apiv2][status] GET https://cloudfunctions.googleapis.com/v2/projects/questionbox-23293/locations/asia-east1/operations/operation-1678051283365-5f62dc2a8edbb-2a6e524b-221e2d9b 200
[debug] [2023-03-05T21:21:28.438Z] <<< [apiv2][body] GET https://cloudfunctions.googleapis.com/v2/projects/questionbox-23293/locations/asia-east1/operations/operation-1678051283365-5f62dc2a8edbb-2a6e524b-221e2d9b {"name":"projects/questionbox-23293/locations/asia-east1/operations/operation-1678051283365-5f62dc2a8edbb-2a6e524b-221e2d9b","metadata":{"@type":"type.googleapis.com/google.cloud.functions.v2.OperationMetadata","createTime":"2023-03-05T21:21:24.289577743Z","target":"projects/questionbox-23293/locations/asia-east1/functions/ssrquestionbox23293","verb":"update","cancelRequested":false,"apiVersion":"v2","requestResource":{"@type":"type.googleapis.com/google.cloud.functions.v2.Function","name":"projects/questionbox-23293/locations/asia-east1/functions/ssrquestionbox23293","buildConfig":{"runtime":"nodejs16","entryPoint":"ssrquestionbox23293","source":{"storageSource":{"bucket":"gcf-v2-sources-227837068248-asia-east1","object":"ssrquestionbox23293/function-source.zip"}},"sourceProvenance":{"resolvedStorageSource":{"bucket":"gcf-v2-sources-227837068248-asia-east1","object":"ssrquestionbox23293/function-source.zip","generation":"1678039718263123"}}},"serviceConfig":{"service":"projects/questionbox-23293/locations/asia-east1/services/ssrquestionbox23293","timeoutSeconds":60,"environmentVariables":{"__FIREBASE_FRAMEWORKS_ENTRY__":"next.js","__FIREBASE_DEFAULTS__":"{\"config\":{\"projectId\":\"questionbox-23293\",\"appId\":\"1:227837068248:web:cf1b0252370ad14200e8ad\",\"storageBucket\":\"questionbox-23293.appspot.com\",\"apiKey\":\"AIzaSyDnF8du8aMY-gEeVYT-7q3M29f7YC1u9vM\",\"authDomain\":\"questionbox-23293.firebaseapp.com\",\"messagingSenderId\":\"227837068248\",\"measurementId\":\"G-WZ5L7G1Z44\"},\"_authTokenSyncURL\":\"/__session\"}","FIREBASE_CONFIG":"{\"projectId\":\"questionbox-23293\",\"storageBucket\":\"questionbox-23293.appspot.com\"}","GCLOUD_PROJECT":"questionbox-23293","EVENTARC_CLOUD_EVENT_SOURCE":"projects/questionbox-23293/locations/asia-east1/services/ssrquestionbox23293"},"maxInstanceCount":100,"ingressSettings":"ALLOW_ALL","uri":"https://ssrquestionbox23293-yzn7izupfa-de.a.run.app","serviceAccountEmail":"227837068248-compute@developer.gserviceaccount.com","availableMemory":"256Mi","allTrafficOnLatestRevision":true,"revision":"ssrquestionbox23293-00003-wad","maxInstanceRequestConcurrency":80},"state":"ACTIVE","labels":{"firebase-functions-codebase":"firebase-frameworks-questionbox-23293","firebase-functions-hash":"546a7c04d4164af4c24a505cfbe8951111a28d87"},"environment":"GEN_2"},"stages":[{"name":"BUILD","message":"Creating build","state":"IN_PROGRESS","resource":"projects/227837068248/locations/asia-east1/builds/fe0a0017-d464-4907-9e89-f291a80de3ee","resourceUri":"https://console.cloud.google.com/cloud-build/builds;region=asia-east1/fe0a0017-d464-4907-9e89-f291a80de3ee?project=227837068248"},{"name":"SERVICE","state":"NOT_STARTED"}]},"done":false}
[debug] [2023-03-05T21:21:32.440Z] [update-firebase-frameworks-questionbox-23293-asia-east1-ssrquestionbox23293] Retrying task index 0
[debug] [2023-03-05T21:21:32.440Z] >>> [apiv2][query] GET https://cloudfunctions.googleapis.com/v2/projects/questionbox-23293/locations/asia-east1/operations/operation-1678051283365-5f62dc2a8edbb-2a6e524b-221e2d9b [none]
[debug] [2023-03-05T21:21:32.573Z] <<< [apiv2][status] GET https://cloudfunctions.googleapis.com/v2/projects/questionbox-23293/locations/asia-east1/operations/operation-1678051283365-5f62dc2a8edbb-2a6e524b-221e2d9b 200
[debug] [2023-03-05T21:21:32.574Z] <<< [apiv2][body] GET https://cloudfunctions.googleapis.com/v2/projects/questionbox-23293/locations/asia-east1/operations/operation-1678051283365-5f62dc2a8edbb-2a6e524b-221e2d9b {"name":"projects/questionbox-23293/locations/asia-east1/operations/operation-1678051283365-5f62dc2a8edbb-2a6e524b-221e2d9b","metadata":{"@type":"type.googleapis.com/google.cloud.functions.v2.OperationMetadata","createTime":"2023-03-05T21:21:24.289577743Z","target":"projects/questionbox-23293/locations/asia-east1/functions/ssrquestionbox23293","verb":"update","cancelRequested":false,"apiVersion":"v2","requestResource":{"@type":"type.googleapis.com/google.cloud.functions.v2.Function","name":"projects/questionbox-23293/locations/asia-east1/functions/ssrquestionbox23293","buildConfig":{"runtime":"nodejs16","entryPoint":"ssrquestionbox23293","source":{"storageSource":{"bucket":"gcf-v2-sources-227837068248-asia-east1","object":"ssrquestionbox23293/function-source.zip"}},"sourceProvenance":{"resolvedStorageSource":{"bucket":"gcf-v2-sources-227837068248-asia-east1","object":"ssrquestionbox23293/function-source.zip","generation":"1678039718263123"}}},"serviceConfig":{"service":"projects/questionbox-23293/locations/asia-east1/services/ssrquestionbox23293","timeoutSeconds":60,"environmentVariables":{"__FIREBASE_FRAMEWORKS_ENTRY__":"next.js","__FIREBASE_DEFAULTS__":"{\"config\":{\"projectId\":\"questionbox-23293\",\"appId\":\"1:227837068248:web:cf1b0252370ad14200e8ad\",\"storageBucket\":\"questionbox-23293.appspot.com\",\"apiKey\":\"AIzaSyDnF8du8aMY-gEeVYT-7q3M29f7YC1u9vM\",\"authDomain\":\"questionbox-23293.firebaseapp.com\",\"messagingSenderId\":\"227837068248\",\"measurementId\":\"G-WZ5L7G1Z44\"},\"_authTokenSyncURL\":\"/__session\"}","FIREBASE_CONFIG":"{\"projectId\":\"questionbox-23293\",\"storageBucket\":\"questionbox-23293.appspot.com\"}","GCLOUD_PROJECT":"questionbox-23293","EVENTARC_CLOUD_EVENT_SOURCE":"projects/questionbox-23293/locations/asia-east1/services/ssrquestionbox23293"},"maxInstanceCount":100,"ingressSettings":"ALLOW_ALL","uri":"https://ssrquestionbox23293-yzn7izupfa-de.a.run.app","serviceAccountEmail":"227837068248-compute@developer.gserviceaccount.com","availableMemory":"256Mi","allTrafficOnLatestRevision":true,"revision":"ssrquestionbox23293-00003-wad","maxInstanceRequestConcurrency":80},"state":"ACTIVE","labels":{"firebase-functions-codebase":"firebase-frameworks-questionbox-23293","firebase-functions-hash":"546a7c04d4164af4c24a505cfbe8951111a28d87"},"environment":"GEN_2"},"stages":[{"name":"BUILD","message":"Creating build","state":"IN_PROGRESS","resource":"projects/227837068248/locations/asia-east1/builds/fe0a0017-d464-4907-9e89-f291a80de3ee","resourceUri":"https://console.cloud.google.com/cloud-build/builds;region=asia-east1/fe0a0017-d464-4907-9e89-f291a80de3ee?project=227837068248"},{"name":"SERVICE","state":"NOT_STARTED"}]},"done":false}
[debug] [2023-03-05T21:21:40.576Z] [update-firebase-frameworks-questionbox-23293-asia-east1-ssrquestionbox23293] Retrying task index 0
[debug] [2023-03-05T21:21:40.577Z] >>> [apiv2][query] GET https://cloudfunctions.googleapis.com/v2/projects/questionbox-23293/locations/asia-east1/operations/operation-1678051283365-5f62dc2a8edbb-2a6e524b-221e2d9b [none]
[debug] [2023-03-05T21:21:40.701Z] <<< [apiv2][status] GET https://cloudfunctions.googleapis.com/v2/projects/questionbox-23293/locations/asia-east1/operations/operation-1678051283365-5f62dc2a8edbb-2a6e524b-221e2d9b 200
[debug] [2023-03-05T21:21:40.701Z] <<< [apiv2][body] GET https://cloudfunctions.googleapis.com/v2/projects/questionbox-23293/locations/asia-east1/operations/operation-1678051283365-5f62dc2a8edbb-2a6e524b-221e2d9b {"name":"projects/questionbox-23293/locations/asia-east1/operations/operation-1678051283365-5f62dc2a8edbb-2a6e524b-221e2d9b","metadata":{"@type":"type.googleapis.com/google.cloud.functions.v2.OperationMetadata","createTime":"2023-03-05T21:21:24.289577743Z","target":"projects/questionbox-23293/locations/asia-east1/functions/ssrquestionbox23293","verb":"update","cancelRequested":false,"apiVersion":"v2","requestResource":{"@type":"type.googleapis.com/google.cloud.functions.v2.Function","name":"projects/questionbox-23293/locations/asia-east1/functions/ssrquestionbox23293","buildConfig":{"runtime":"nodejs16","entryPoint":"ssrquestionbox23293","source":{"storageSource":{"bucket":"gcf-v2-sources-227837068248-asia-east1","object":"ssrquestionbox23293/function-source.zip"}},"sourceProvenance":{"resolvedStorageSource":{"bucket":"gcf-v2-sources-227837068248-asia-east1","object":"ssrquestionbox23293/function-source.zip","generation":"1678039718263123"}}},"serviceConfig":{"service":"projects/questionbox-23293/locations/asia-east1/services/ssrquestionbox23293","timeoutSeconds":60,"environmentVariables":{"__FIREBASE_FRAMEWORKS_ENTRY__":"next.js","__FIREBASE_DEFAULTS__":"{\"config\":{\"projectId\":\"questionbox-23293\",\"appId\":\"1:227837068248:web:cf1b0252370ad14200e8ad\",\"storageBucket\":\"questionbox-23293.appspot.com\",\"apiKey\":\"AIzaSyDnF8du8aMY-gEeVYT-7q3M29f7YC1u9vM\",\"authDomain\":\"questionbox-23293.firebaseapp.com\",\"messagingSenderId\":\"227837068248\",\"measurementId\":\"G-WZ5L7G1Z44\"},\"_authTokenSyncURL\":\"/__session\"}","FIREBASE_CONFIG":"{\"projectId\":\"questionbox-23293\",\"storageBucket\":\"questionbox-23293.appspot.com\"}","GCLOUD_PROJECT":"questionbox-23293","EVENTARC_CLOUD_EVENT_SOURCE":"projects/questionbox-23293/locations/asia-east1/services/ssrquestionbox23293"},"maxInstanceCount":100,"ingressSettings":"ALLOW_ALL","uri":"https://ssrquestionbox23293-yzn7izupfa-de.a.run.app","serviceAccountEmail":"227837068248-compute@developer.gserviceaccount.com","availableMemory":"256Mi","allTrafficOnLatestRevision":true,"revision":"ssrquestionbox23293-00003-wad","maxInstanceRequestConcurrency":80},"state":"ACTIVE","labels":{"firebase-functions-codebase":"firebase-frameworks-questionbox-23293","firebase-functions-hash":"546a7c04d4164af4c24a505cfbe8951111a28d87"},"environment":"GEN_2"},"stages":[{"name":"BUILD","message":"Creating build","state":"IN_PROGRESS","resource":"projects/227837068248/locations/asia-east1/builds/fe0a0017-d464-4907-9e89-f291a80de3ee","resourceUri":"https://console.cloud.google.com/cloud-build/builds;region=asia-east1/fe0a0017-d464-4907-9e89-f291a80de3ee?project=227837068248"},{"name":"SERVICE","state":"NOT_STARTED"}]},"done":false}
[debug] [2023-03-05T21:21:50.703Z] [update-firebase-frameworks-questionbox-23293-asia-east1-ssrquestionbox23293] Retrying task index 0
[debug] [2023-03-05T21:21:50.705Z] >>> [apiv2][query] GET https://cloudfunctions.googleapis.com/v2/projects/questionbox-23293/locations/asia-east1/operations/operation-1678051283365-5f62dc2a8edbb-2a6e524b-221e2d9b [none]
[debug] [2023-03-05T21:21:50.844Z] <<< [apiv2][status] GET https://cloudfunctions.googleapis.com/v2/projects/questionbox-23293/locations/asia-east1/operations/operation-1678051283365-5f62dc2a8edbb-2a6e524b-221e2d9b 200
[debug] [2023-03-05T21:21:50.844Z] <<< [apiv2][body] GET https://cloudfunctions.googleapis.com/v2/projects/questionbox-23293/locations/asia-east1/operations/operation-1678051283365-5f62dc2a8edbb-2a6e524b-221e2d9b {"name":"projects/questionbox-23293/locations/asia-east1/operations/operation-1678051283365-5f62dc2a8edbb-2a6e524b-221e2d9b","metadata":{"@type":"type.googleapis.com/google.cloud.functions.v2.OperationMetadata","createTime":"2023-03-05T21:21:24.289577743Z","target":"projects/questionbox-23293/locations/asia-east1/functions/ssrquestionbox23293","verb":"update","cancelRequested":false,"apiVersion":"v2","requestResource":{"@type":"type.googleapis.com/google.cloud.functions.v2.Function","name":"projects/questionbox-23293/locations/asia-east1/functions/ssrquestionbox23293","buildConfig":{"runtime":"nodejs16","entryPoint":"ssrquestionbox23293","source":{"storageSource":{"bucket":"gcf-v2-sources-227837068248-asia-east1","object":"ssrquestionbox23293/function-source.zip"}},"sourceProvenance":{"resolvedStorageSource":{"bucket":"gcf-v2-sources-227837068248-asia-east1","object":"ssrquestionbox23293/function-source.zip","generation":"1678039718263123"}}},"serviceConfig":{"service":"projects/questionbox-23293/locations/asia-east1/services/ssrquestionbox23293","timeoutSeconds":60,"environmentVariables":{"__FIREBASE_FRAMEWORKS_ENTRY__":"next.js","__FIREBASE_DEFAULTS__":"{\"config\":{\"projectId\":\"questionbox-23293\",\"appId\":\"1:227837068248:web:cf1b0252370ad14200e8ad\",\"storageBucket\":\"questionbox-23293.appspot.com\",\"apiKey\":\"AIzaSyDnF8du8aMY-gEeVYT-7q3M29f7YC1u9vM\",\"authDomain\":\"questionbox-23293.firebaseapp.com\",\"messagingSenderId\":\"227837068248\",\"measurementId\":\"G-WZ5L7G1Z44\"},\"_authTokenSyncURL\":\"/__session\"}","FIREBASE_CONFIG":"{\"projectId\":\"questionbox-23293\",\"storageBucket\":\"questionbox-23293.appspot.com\"}","GCLOUD_PROJECT":"questionbox-23293","EVENTARC_CLOUD_EVENT_SOURCE":"projects/questionbox-23293/locations/asia-east1/services/ssrquestionbox23293"},"maxInstanceCount":100,"ingressSettings":"ALLOW_ALL","uri":"https://ssrquestionbox23293-yzn7izupfa-de.a.run.app","serviceAccountEmail":"227837068248-compute@developer.gserviceaccount.com","availableMemory":"256Mi","allTrafficOnLatestRevision":true,"revision":"ssrquestionbox23293-00003-wad","maxInstanceRequestConcurrency":80},"state":"ACTIVE","labels":{"firebase-functions-codebase":"firebase-frameworks-questionbox-23293","firebase-functions-hash":"546a7c04d4164af4c24a505cfbe8951111a28d87"},"environment":"GEN_2"},"stages":[{"name":"BUILD","message":"Creating build","state":"IN_PROGRESS","resource":"projects/227837068248/locations/asia-east1/builds/fe0a0017-d464-4907-9e89-f291a80de3ee","resourceUri":"https://console.cloud.google.com/cloud-build/builds;region=asia-east1/fe0a0017-d464-4907-9e89-f291a80de3ee?project=227837068248"},{"name":"SERVICE","state":"NOT_STARTED"}]},"done":false}
[debug] [2023-03-05T21:22:00.845Z] [update-firebase-frameworks-questionbox-23293-asia-east1-ssrquestionbox23293] Retrying task index 0
[debug] [2023-03-05T21:22:00.846Z] >>> [apiv2][query] GET https://cloudfunctions.googleapis.com/v2/projects/questionbox-23293/locations/asia-east1/operations/operation-1678051283365-5f62dc2a8edbb-2a6e524b-221e2d9b [none]
[debug] [2023-03-05T21:22:00.996Z] <<< [apiv2][status] GET https://cloudfunctions.googleapis.com/v2/projects/questionbox-23293/locations/asia-east1/operations/operation-1678051283365-5f62dc2a8edbb-2a6e524b-221e2d9b 200
[debug] [2023-03-05T21:22:00.997Z] <<< [apiv2][body] GET https://cloudfunctions.googleapis.com/v2/projects/questionbox-23293/locations/asia-east1/operations/operation-1678051283365-5f62dc2a8edbb-2a6e524b-221e2d9b {"name":"projects/questionbox-23293/locations/asia-east1/operations/operation-1678051283365-5f62dc2a8edbb-2a6e524b-221e2d9b","metadata":{"@type":"type.googleapis.com/google.cloud.functions.v2.OperationMetadata","createTime":"2023-03-05T21:21:24.289577743Z","target":"projects/questionbox-23293/locations/asia-east1/functions/ssrquestionbox23293","verb":"update","cancelRequested":false,"apiVersion":"v2","requestResource":{"@type":"type.googleapis.com/google.cloud.functions.v2.Function","name":"projects/questionbox-23293/locations/asia-east1/functions/ssrquestionbox23293","buildConfig":{"runtime":"nodejs16","entryPoint":"ssrquestionbox23293","source":{"storageSource":{"bucket":"gcf-v2-sources-227837068248-asia-east1","object":"ssrquestionbox23293/function-source.zip"}},"sourceProvenance":{"resolvedStorageSource":{"bucket":"gcf-v2-sources-227837068248-asia-east1","object":"ssrquestionbox23293/function-source.zip","generation":"1678039718263123"}}},"serviceConfig":{"service":"projects/questionbox-23293/locations/asia-east1/services/ssrquestionbox23293","timeoutSeconds":60,"environmentVariables":{"__FIREBASE_FRAMEWORKS_ENTRY__":"next.js","__FIREBASE_DEFAULTS__":"{\"config\":{\"projectId\":\"questionbox-23293\",\"appId\":\"1:227837068248:web:cf1b0252370ad14200e8ad\",\"storageBucket\":\"questionbox-23293.appspot.com\",\"apiKey\":\"AIzaSyDnF8du8aMY-gEeVYT-7q3M29f7YC1u9vM\",\"authDomain\":\"questionbox-23293.firebaseapp.com\",\"messagingSenderId\":\"227837068248\",\"measurementId\":\"G-WZ5L7G1Z44\"},\"_authTokenSyncURL\":\"/__session\"}","FIREBASE_CONFIG":"{\"projectId\":\"questionbox-23293\",\"storageBucket\":\"questionbox-23293.appspot.com\"}","GCLOUD_PROJECT":"questionbox-23293","EVENTARC_CLOUD_EVENT_SOURCE":"projects/questionbox-23293/locations/asia-east1/services/ssrquestionbox23293"},"maxInstanceCount":100,"ingressSettings":"ALLOW_ALL","uri":"https://ssrquestionbox23293-yzn7izupfa-de.a.run.app","serviceAccountEmail":"227837068248-compute@developer.gserviceaccount.com","availableMemory":"256Mi","allTrafficOnLatestRevision":true,"revision":"ssrquestionbox23293-00003-wad","maxInstanceRequestConcurrency":80},"state":"ACTIVE","labels":{"firebase-functions-codebase":"firebase-frameworks-questionbox-23293","firebase-functions-hash":"546a7c04d4164af4c24a505cfbe8951111a28d87"},"environment":"GEN_2"},"stages":[{"name":"BUILD","message":"Creating build","state":"IN_PROGRESS","resource":"projects/227837068248/locations/asia-east1/builds/fe0a0017-d464-4907-9e89-f291a80de3ee","resourceUri":"https://console.cloud.google.com/cloud-build/builds;region=asia-east1/fe0a0017-d464-4907-9e89-f291a80de3ee?project=227837068248"},{"name":"SERVICE","state":"NOT_STARTED"}]},"done":false}
[debug] [2023-03-05T21:22:10.997Z] [update-firebase-frameworks-questionbox-23293-asia-east1-ssrquestionbox23293] Retrying task index 0
[debug] [2023-03-05T21:22:10.998Z] >>> [apiv2][query] GET https://cloudfunctions.googleapis.com/v2/projects/questionbox-23293/locations/asia-east1/operations/operation-1678051283365-5f62dc2a8edbb-2a6e524b-221e2d9b [none]
[debug] [2023-03-05T21:22:11.157Z] <<< [apiv2][status] GET https://cloudfunctions.googleapis.com/v2/projects/questionbox-23293/locations/asia-east1/operations/operation-1678051283365-5f62dc2a8edbb-2a6e524b-221e2d9b 200
[debug] [2023-03-05T21:22:11.157Z] <<< [apiv2][body] GET https://cloudfunctions.googleapis.com/v2/projects/questionbox-23293/locations/asia-east1/operations/operation-1678051283365-5f62dc2a8edbb-2a6e524b-221e2d9b {"name":"projects/questionbox-23293/locations/asia-east1/operations/operation-1678051283365-5f62dc2a8edbb-2a6e524b-221e2d9b","metadata":{"@type":"type.googleapis.com/google.cloud.functions.v2.OperationMetadata","createTime":"2023-03-05T21:21:24.289577743Z","target":"projects/questionbox-23293/locations/asia-east1/functions/ssrquestionbox23293","verb":"update","cancelRequested":false,"apiVersion":"v2","requestResource":{"@type":"type.googleapis.com/google.cloud.functions.v2.Function","name":"projects/questionbox-23293/locations/asia-east1/functions/ssrquestionbox23293","buildConfig":{"runtime":"nodejs16","entryPoint":"ssrquestionbox23293","source":{"storageSource":{"bucket":"gcf-v2-sources-227837068248-asia-east1","object":"ssrquestionbox23293/function-source.zip"}},"sourceProvenance":{"resolvedStorageSource":{"bucket":"gcf-v2-sources-227837068248-asia-east1","object":"ssrquestionbox23293/function-source.zip","generation":"1678039718263123"}}},"serviceConfig":{"service":"projects/questionbox-23293/locations/asia-east1/services/ssrquestionbox23293","timeoutSeconds":60,"environmentVariables":{"__FIREBASE_FRAMEWORKS_ENTRY__":"next.js","__FIREBASE_DEFAULTS__":"{\"config\":{\"projectId\":\"questionbox-23293\",\"appId\":\"1:227837068248:web:cf1b0252370ad14200e8ad\",\"storageBucket\":\"questionbox-23293.appspot.com\",\"apiKey\":\"AIzaSyDnF8du8aMY-gEeVYT-7q3M29f7YC1u9vM\",\"authDomain\":\"questionbox-23293.firebaseapp.com\",\"messagingSenderId\":\"227837068248\",\"measurementId\":\"G-WZ5L7G1Z44\"},\"_authTokenSyncURL\":\"/__session\"}","FIREBASE_CONFIG":"{\"projectId\":\"questionbox-23293\",\"storageBucket\":\"questionbox-23293.appspot.com\"}","GCLOUD_PROJECT":"questionbox-23293","EVENTARC_CLOUD_EVENT_SOURCE":"projects/questionbox-23293/locations/asia-east1/services/ssrquestionbox23293"},"maxInstanceCount":100,"ingressSettings":"ALLOW_ALL","uri":"https://ssrquestionbox23293-yzn7izupfa-de.a.run.app","serviceAccountEmail":"227837068248-compute@developer.gserviceaccount.com","availableMemory":"256Mi","allTrafficOnLatestRevision":true,"revision":"ssrquestionbox23293-00003-wad","maxInstanceRequestConcurrency":80},"state":"ACTIVE","labels":{"firebase-functions-codebase":"firebase-frameworks-questionbox-23293","firebase-functions-hash":"546a7c04d4164af4c24a505cfbe8951111a28d87"},"environment":"GEN_2"},"stages":[{"name":"BUILD","message":"Creating build","state":"IN_PROGRESS","resource":"projects/227837068248/locations/asia-east1/builds/fe0a0017-d464-4907-9e89-f291a80de3ee","resourceUri":"https://console.cloud.google.com/cloud-build/builds;region=asia-east1/fe0a0017-d464-4907-9e89-f291a80de3ee?project=227837068248"},{"name":"SERVICE","state":"NOT_STARTED"}]},"done":false}
[debug] [2023-03-05T21:22:21.159Z] [update-firebase-frameworks-questionbox-23293-asia-east1-ssrquestionbox23293] Retrying task index 0
[debug] [2023-03-05T21:22:21.159Z] >>> [apiv2][query] GET https://cloudfunctions.googleapis.com/v2/projects/questionbox-23293/locations/asia-east1/operations/operation-1678051283365-5f62dc2a8edbb-2a6e524b-221e2d9b [none]
[debug] [2023-03-05T21:22:21.290Z] <<< [apiv2][status] GET https://cloudfunctions.googleapis.com/v2/projects/questionbox-23293/locations/asia-east1/operations/operation-1678051283365-5f62dc2a8edbb-2a6e524b-221e2d9b 200
[debug] [2023-03-05T21:22:21.290Z] <<< [apiv2][body] GET https://cloudfunctions.googleapis.com/v2/projects/questionbox-23293/locations/asia-east1/operations/operation-1678051283365-5f62dc2a8edbb-2a6e524b-221e2d9b {"name":"projects/questionbox-23293/locations/asia-east1/operations/operation-1678051283365-5f62dc2a8edbb-2a6e524b-221e2d9b","metadata":{"@type":"type.googleapis.com/google.cloud.functions.v2.OperationMetadata","createTime":"2023-03-05T21:21:24.289577743Z","target":"projects/questionbox-23293/locations/asia-east1/functions/ssrquestionbox23293","verb":"update","cancelRequested":false,"apiVersion":"v2","requestResource":{"@type":"type.googleapis.com/google.cloud.functions.v2.Function","name":"projects/questionbox-23293/locations/asia-east1/functions/ssrquestionbox23293","buildConfig":{"runtime":"nodejs16","entryPoint":"ssrquestionbox23293","source":{"storageSource":{"bucket":"gcf-v2-sources-227837068248-asia-east1","object":"ssrquestionbox23293/function-source.zip"}},"sourceProvenance":{"resolvedStorageSource":{"bucket":"gcf-v2-sources-227837068248-asia-east1","object":"ssrquestionbox23293/function-source.zip","generation":"1678039718263123"}}},"serviceConfig":{"service":"projects/questionbox-23293/locations/asia-east1/services/ssrquestionbox23293","timeoutSeconds":60,"environmentVariables":{"__FIREBASE_FRAMEWORKS_ENTRY__":"next.js","__FIREBASE_DEFAULTS__":"{\"config\":{\"projectId\":\"questionbox-23293\",\"appId\":\"1:227837068248:web:cf1b0252370ad14200e8ad\",\"storageBucket\":\"questionbox-23293.appspot.com\",\"apiKey\":\"AIzaSyDnF8du8aMY-gEeVYT-7q3M29f7YC1u9vM\",\"authDomain\":\"questionbox-23293.firebaseapp.com\",\"messagingSenderId\":\"227837068248\",\"measurementId\":\"G-WZ5L7G1Z44\"},\"_authTokenSyncURL\":\"/__session\"}","FIREBASE_CONFIG":"{\"projectId\":\"questionbox-23293\",\"storageBucket\":\"questionbox-23293.appspot.com\"}","GCLOUD_PROJECT":"questionbox-23293","EVENTARC_CLOUD_EVENT_SOURCE":"projects/questionbox-23293/locations/asia-east1/services/ssrquestionbox23293"},"maxInstanceCount":100,"ingressSettings":"ALLOW_ALL","uri":"https://ssrquestionbox23293-yzn7izupfa-de.a.run.app","serviceAccountEmail":"227837068248-compute@developer.gserviceaccount.com","availableMemory":"256Mi","allTrafficOnLatestRevision":true,"revision":"ssrquestionbox23293-00003-wad","maxInstanceRequestConcurrency":80},"state":"ACTIVE","labels":{"firebase-functions-codebase":"firebase-frameworks-questionbox-23293","firebase-functions-hash":"546a7c04d4164af4c24a505cfbe8951111a28d87"},"environment":"GEN_2"},"stages":[{"name":"BUILD","message":"Creating build","state":"IN_PROGRESS","resource":"projects/227837068248/locations/asia-east1/builds/fe0a0017-d464-4907-9e89-f291a80de3ee","resourceUri":"https://console.cloud.google.com/cloud-build/builds;region=asia-east1/fe0a0017-d464-4907-9e89-f291a80de3ee?project=227837068248"},{"name":"SERVICE","state":"NOT_STARTED"}]},"done":false}
